<?xml version="1.0" encoding="UTF-8" ?>
<testsuite errors="0" failures="1" name="JTestUnit" tests="3" time="293.597">
  <properties />
  <testcase name="test003" time="42.692">
    <failure type="junit.framework.AssertionFailedError">junit.framework.AssertionFailedError
	at com.wistron.selenium.SeleniumService.testcase.Test003.test003(Test003.java:55)
	at sun.reflect.NativeMethodAccessorImpl.invoke0(Native Method)
	at sun.reflect.NativeMethodAccessorImpl.invoke(NativeMethodAccessorImpl.java:62)
	at sun.reflect.DelegatingMethodAccessorImpl.invoke(DelegatingMethodAccessorImpl.java:43)
	at com.wistron.selenium.SeleniumService.AllTests.main(AllTests.java:42)
	at sun.reflect.NativeMethodAccessorImpl.invoke0(Native Method)
	at sun.reflect.NativeMethodAccessorImpl.invoke(NativeMethodAccessorImpl.java:62)
	at sun.reflect.DelegatingMethodAccessorImpl.invoke(DelegatingMethodAccessorImpl.java:43)
	at org.codehaus.mojo.exec.ExecJavaMojo$1.run(ExecJavaMojo.java:282)
	at java.lang.Thread.run(Thread.java:748)
</failure>
  </testcase>
  <testcase name="test002" time="37.318" />
  <testcase name="test001" time="213.587" />
</testsuite>
